<?xml version="1.0" encoding="UTF-8"?>
<!-- Generated by org.testng.reporters.JUnitReportReporter -->
<testsuite skipped="0" hostname="dineshkila" name="com.teststore.testcases.IndexPageTest" tests="2" failures="0" timestamp="10 Oct 2023 04:33:39 GMT" time="46.214" errors="0">
  <testcase name="getMyStoreTitleTest" time="22.689" classname="com.teststore.testcases.IndexPageTest"/>
  <testcase name="verifyingMyStoreLogo" time="23.525" classname="com.teststore.testcases.IndexPageTest"/>
</testsuite> <!-- com.teststore.testcases.IndexPageTest -->
