<?xml version="1.0" encoding="UTF-8"?>
<!-- Generated by org.testng.reporters.JUnitReportReporter -->
<testsuite skipped="0" hostname="dineshkila" name="com.teststore.testcases.OrderConfirmPageTest" tests="1" failures="0" timestamp="10 Oct 2023 04:33:39 GMT" time="31.403" errors="0">
  <testcase name="confirmOrderTest" time="31.403" classname="com.teststore.testcases.OrderConfirmPageTest"/>
</testsuite> <!-- com.teststore.testcases.OrderConfirmPageTest -->
