<?xml version="1.0" encoding="UTF-8"?>
<!-- Generated by org.testng.reporters.JUnitReportReporter -->
<testsuite skipped="0" hostname="dineshkila" name="com.teststore.testcases.HomePageTest" tests="1" failures="0" timestamp="10 Oct 2023 04:33:39 GMT" time="18.798" errors="0">
  <testcase name="validateWellcomeMSG" time="18.798" classname="com.teststore.testcases.HomePageTest"/>
</testsuite> <!-- com.teststore.testcases.HomePageTest -->
