<?xml version="1.0" encoding="UTF-8"?>
<!-- Generated by org.testng.reporters.JUnitReportReporter -->
<testsuite skipped="1" hostname="dineshkila" name="com.teststore.testcases.LoginPageTest" tests="2" failures="0" timestamp="10 Oct 2023 04:33:39 GMT" time="27.232" errors="0">
  <testcase name="gettingCuurentURLtest" time="27.232" classname="com.teststore.testcases.LoginPageTest"/>
  <testcase name="loginTest" time="0.000" classname="com.teststore.testcases.LoginPageTest">
    <skipped/>
  </testcase> <!-- loginTest -->
</testsuite> <!-- com.teststore.testcases.LoginPageTest -->
