<?xml version="1.0" encoding="UTF-8"?>
<!-- Generated by org.testng.reporters.JUnitReportReporter -->
<testsuite skipped="0" hostname="dineshkila" name="com.teststore.testcases.SearchProductPageTest" tests="1" failures="0" timestamp="10 Oct 2023 04:33:39 GMT" time="23.903" errors="0">
  <testcase name="searchArmaniProduct" time="23.903" classname="com.teststore.testcases.SearchProductPageTest"/>
</testsuite> <!-- com.teststore.testcases.SearchProductPageTest -->
