<?xml version="1.0" encoding="UTF-8"?>
<!-- Generated by org.testng.reporters.JUnitReportReporter -->
<testsuite skipped="0" hostname="dineshkila" name="com.teststore.testcases.EndToEndTest" tests="1" failures="0" timestamp="10 Oct 2023 04:33:39 GMT" time="28.984" errors="0">
  <testcase name="endToEndTest" time="28.984" classname="com.teststore.testcases.EndToEndTest"/>
</testsuite> <!-- com.teststore.testcases.EndToEndTest -->
